Arguments: 
  C:\Program Files\nodejs\node.exe C:\Users\Oussama\AppData\Roaming\npm\node_modules\yarn\bin\yarn.js add @types/node

PATH: 
  C:\ProgramData\Oracle\Java\javapath;C:\WINDOWS\system32;C:\WINDOWS;C:\WINDOWS\System32\Wbem;C:\WINDOWS\System32\WindowsPowerShell\v1.0\;C:\Program Files\nodejs\;C:\Program Files (x86)\Bitvise SSH Client;C:\Program Files\Git\cmd;C:\HaxeToolkit\haxe\;C:\HaxeToolkit\neko;C:\HaxeToolkit\haxe;C:\Program Files (x86)\Microsoft Visual Studio\2017\Community\VC\Tools\MSVC\14.10.24728\bin\HostX64\x64;C:\Program Files (x86)\GtkSharp\2.12\bin;C:\ProgramData\chocolatey\bin;C:\Program Files\Emscripten\emscripten\1.35.0;C:\Program Files\Emscripten;C:\Program Files\Emscripten\clang\e1.35.0_64bit;C:\Program Files\Emscripten\node\0.12.2_64bit;C:\Program Files\Emscripten\python\2.7.5.3_64bit;C:\Program Files\Emscripten\java\7.45_64bit\bin;C:\Program Files\Emscripten\crunch\1.03;C:\Program Files\Emscripten\mingw\4.6.2_32bit;C:\Program Files\CMake\bin;C:\Program Files (x86)\Windows Kits\10\Windows Performance Toolkit\;C:\Program Files (x86)\Skype\Phone\;C:\Program Files (x86)\NVIDIA Corporation\PhysX\Common;C:\Program Files\PostgreSQL\9.6\bin;C:\Users\Oussama\.rustup\toolchains\nightly-x86_64-pc-windows-msvc\bin;C:\Users\Oussama\.cargo\bin;C:\Users\Oussama\AppData\Local\Microsoft\WindowsApps;C:\Program Files (x86)\Microsoft VS Code\bin;C:\Users\Oussama\AppData\Roaming\npm;C:\HaxeToolkit\haxe;C:\Program Files (x86)\Microsoft Visual Studio\2017\Community\VC\Tools\MSVC\14.10.24728\bin\HostX64\x64;C:\programs\ilspy;C:\Users\Oussama\AppData\Local\Google\Cloud SDK\google-cloud-sdk\bin;C:\Users\Oussama\AppData\Local\Yarn\config\global\node_modules\.bin;C:\Program Files\nodejs\node_modules\npm\bin;C:\Program Files\PostgreSQL\9.6\bin;C:\Users\Oussama\.rustup\toolchains\nightly-x86_64-pc-windows-msvc\bin

Yarn version: 
  0.20.3

Node version: 
  6.9.2

Platform: 
  win32 x64

npm manifest: 
  {
    "name": "glue",
    "version": "1.0.0",
    "main": "dist/index.js",
    "author": "Oussama Gammoudi",
    "license": "MIT",
    "dependencies": {
      "protagonist": "^1.6.7"
    },
    "devDependencies": {
      "": ""
    }
  }

yarn manifest: 
  No manifest

Lockfile: 
  # THIS IS AN AUTOGENERATED FILE. DO NOT EDIT THIS FILE DIRECTLY.
  # yarn lockfile v1
  
  
  nan@~2.2.1:
    version "2.2.1"
    resolved "https://registry.yarnpkg.com/nan/-/nan-2.2.1.tgz#d68693f6b34bb41d66bc68b3a4f9defc79d7149b"
  
  protagonist@^1.6.7:
    version "1.6.7"
    resolved "https://registry.yarnpkg.com/protagonist/-/protagonist-1.6.7.tgz#142717f6ee7de8235f0ec07d4313bae81add0b04"
    dependencies:
      nan "~2.2.1"

Trace: 
  Error: https://registry.yarnpkg.com/@: Not found
      at Request.params.callback [as _callback] (C:\Users\Oussama\AppData\Roaming\npm\node_modules\yarn\updates\0.20.3\lib\util\request-manager.js:313:18)
      at Request.self.callback (C:\Users\Oussama\AppData\Roaming\npm\node_modules\yarn\updates\0.20.3\node_modules\request\request.js:186:22)
      at emitTwo (events.js:106:13)
      at Request.emit (events.js:191:7)
      at Request.<anonymous> (C:\Users\Oussama\AppData\Roaming\npm\node_modules\yarn\updates\0.20.3\node_modules\request\request.js:1081:10)
      at emitOne (events.js:96:13)
      at Request.emit (events.js:188:7)
      at IncomingMessage.<anonymous> (C:\Users\Oussama\AppData\Roaming\npm\node_modules\yarn\updates\0.20.3\node_modules\request\request.js:1001:12)
      at IncomingMessage.g (events.js:291:16)
      at emitNone (events.js:91:20)
